<?xml version="1.0" encoding="utf-8" standalone="no"?>
<test-results xmlns:xsi="http://www.w3.org/2001/XMLSchema-instance" xsi:noNamespaceSchemaLocation="nunit_schema_2.5.xsd" name="Pester" total="1" errors="0" failures="1" not-run="0" inconclusive="0" ignored="0" skipped="0" invalid="0" date="2015-07-17" time="02:25:32">
  <environment user="IEUser" machine-name="IE11WIN7" cwd="C:\Users\IEUser\Desktop\test-project" user-domain="IE11WIN7" platform="Microsoft Windows 7 Enterprise |C:\Windows|\Device\Harddisk0\Partition2" nunit-version="2.5.8.0" os-version="6.1.7601" clr-version="4.0.30319.0" />
  <culture-info current-culture="en-US" current-uiculture="en-US" />
  <test-suite type="Powershell" name="Pester" executed="True" result="Failure" success="False" time="0.0735" asserts="0">
    <results>
      <test-suite type="TestFixture" name="Get-Function" executed="True" result="Failure" success="False" time="0.0735" asserts="0" description="Get-Function">
        <results>
          <test-case description="Should Return flap" name="Get-Function.Should Return flap" executed="True" time="0.0735" asserts="0" success="False" result="Failure">
            <failure>
              <message>Expected string length 4 but was 10. Strings differ at index 4.
Expected: {flap}
But was:  {flapflutty}
---------------^</message>
              <stack-trace>at line: 8 in C:\Users\IEUser\Desktop\test-project\tests\myModuleName\myModuleName.tests.ps1
8:         Get-Function | Should be 'flap'
</stack-trace>
            </failure>
          </test-case>
        </results>
      </test-suite>
    </results>
  </test-suite>
</test-results>